Arguments: 
  C:\Program Files\nodejs\node.exe C:\Users\priyankaK2\AppData\Roaming\npm\node_modules\yarn\bin\yarn.js

PATH: 
  C:\Program Files\Common Files\Oracle\Java\javapath;C:\Program Files (x86)\Common Files\Oracle\Java\javapath;C:\WINDOWS\system32;C:\WINDOWS;C:\WINDOWS\System32\Wbem;C:\WINDOWS\System32\WindowsPowerShell\v1.0\;C:\WINDOWS\System32\OpenSSH\;C:\Program Files\nodejs\;C:\Users\priyankaK2\AppData\Local\Microsoft\WindowsApps;;C:\Users\priyankaK2\AppData\Local\Programs\Microsoft VS Code\bin;C:\Users\priyankaK2\AppData\Roaming\npm

Yarn version: 
  1.22.19

Node version: 
  18.17.1

Platform: 
  win32 x64

Trace: 
  Error: self-signed certificate in certificate chain
      at TLSSocket.onConnectSecure (node:_tls_wrap:1550:34)
      at TLSSocket.emit (node:events:514:28)
      at TLSSocket._finishInit (node:_tls_wrap:967:8)
      at ssl.onhandshakedone (node:_tls_wrap:743:12)

npm manifest: 
  {
    "name": "mercury-108",
    "type": "module",
    "devDependencies": {
      "@cucumber/cucumber": "^10.3.1",
      "@serenity-js/assertions": "^3.15.0",
      "@serenity-js/console-reporter": "^3.15.0",
      "@serenity-js/core": "^3.15.0",
      "@serenity-js/cucumber": "^3.15.0",
      "@serenity-js/rest": "^3.15.0",
      "@serenity-js/serenity-bdd": "^3.15.0",
      "@serenity-js/web": "^3.15.0",
      "@serenity-js/webdriverio": "^3.15.0",
      "@testing-library/webdriverio": "^3.2.1",
      "@types/node": "^20.11.5",
      "@wdio/cli": "^8.28.0",
      "@wdio/local-runner": "^8.28.0",
      "@wdio/spec-reporter": "^8.28.0",
      "chromedriver": "^120.0.1",
      "npm-failsafe": "^1.2.0",
      "rimraf": "^5.0.5",
      "ts-node": "^10.9.2",
      "typescript": "^5.3.3",
      "wdio-chromedriver-service": "^8.1.1",
      "wdio-wait-for": "^3.0.10"
    },
    "scripts": {
      "serenity": "failsafe serenity:update serenity:clean wdio serenity:report",
      "serenity:update": "serenity-bdd update",
      "serenity:clean": "rimraf target",
      "wdio": "wdio run ./wdio.conf.ts",
      "serenity:report": "serenity-bdd run"
    }
  }

yarn manifest: 
  No manifest

Lockfile: 
  No lockfile
